{
  "0 debug pnpm:scope": {
    "selected": 1
  },
  "1 error pnpm": {
    "code": "ELIFECYCLE",
    "errno": "ENOENT",
    "syscall": "spawn",
    "file": "sh",
    "pkgid": "pugin@0.0.1",
    "stage": "dev",
    "script": "svelte-kit dev",
    "pkgname": "pugin",
    "err": {
      "name": "pnpm",
      "message": "pugin@0.0.1 dev: `svelte-kit dev`\nspawn ENOENT",
      "code": "ELIFECYCLE",
      "stack": "pnpm: pugin@0.0.1 dev: `svelte-kit dev`\nspawn ENOENT\n    at ChildProcess.<anonymous> (/home/jakub/.nvm/versions/node/v14.13.1/pnpm-global/5/node_modules/.pnpm/pnpm@6.17.0/node_modules/pnpm/dist/pnpm.cjs:93136:22)\n    at ChildProcess.emit (events.js:314:20)\n    at maybeClose (internal/child_process.js:1047:16)\n    at Process.ChildProcess._handle.onexit (internal/child_process.js:287:5)"
    }
  }
}